<?xml version="1.0" encoding="UTF-8"?>
<testng-results skipped="0" failed="0" total="1" passed="1">
  <reporter-output>
  </reporter-output>
  <suite name="BLR_Analytics" duration-ms="109099" started-at="2015-08-06T10:11:44Z" finished-at="2015-08-06T10:13:33Z">
    <groups>
    </groups>
    <test name="Login" duration-ms="109099" started-at="2015-08-06T10:11:44Z" finished-at="2015-08-06T10:13:33Z">
      <class name="GitTestDemo.AppTest">
        <test-method status="PASS" signature="f()[pri:0, instance:GitTestDemo.AppTest@523f39f2]" name="f" duration-ms="109085" started-at="2015-08-06T15:41:44Z" finished-at="2015-08-06T15:43:33Z">
          <reporter-output>
          </reporter-output>
        </test-method> <!-- f -->
      </class> <!-- GitTestDemo.AppTest -->
    </test> <!-- Login -->
  </suite> <!-- BLR_Analytics -->
</testng-results>
